<?xml version="1.0" encoding="UTF-8"?>
<!-- Generated by org.testng.reporters.JUnitReportReporter -->
<testsuite name="testLibrary.CreatenewaccountTest" tests="2" time="4.647" ignored="0" failures="0" timestamp="25 Jan 2020 08:54:24 GMT" skipped="0" hostname="user-PC" errors="0">
  <testcase name="Createnewaccountdetails" time="2.706" classname="testLibrary.CreatenewaccountTest"/>
  <testcase name="clickregisterbutton" time="1.941" classname="testLibrary.CreatenewaccountTest"/>
</testsuite> <!-- testLibrary.CreatenewaccountTest -->
