<?xml version="1.0" encoding="UTF-8"?>
<!-- Generated by org.testng.reporters.JUnitReportReporter -->
<testsuite name="testLibrary.CreateLoginTest" tests="2" time="5.100" ignored="0" failures="0" timestamp="25 Jan 2020 08:54:24 GMT" skipped="0" hostname="user-PC" errors="0">
  <testcase name="verifylogincreatepage" time="0.083" classname="testLibrary.CreateLoginTest"/>
  <testcase name="createnewaccount" time="5.017" classname="testLibrary.CreateLoginTest"/>
</testsuite> <!-- testLibrary.CreateLoginTest -->
