<?xml version="1.0" encoding="UTF-8"?>
<!-- Generated by org.testng.reporters.JUnitReportReporter -->
<testsuite name="testLibrary.ExistingCustomerSignInTest" tests="1" time="0.000" ignored="0" failures="0" timestamp="25 Jan 2020 12:46:04 GMT" skipped="1" hostname="user-PC" errors="0">
  <testcase name="f" time="0.000" classname="testLibrary.ExistingCustomerSignInTest">
    <skipped/>
  </testcase> <!-- f -->
</testsuite> <!-- testLibrary.ExistingCustomerSignInTest -->
