<?xml version="1.0" encoding="UTF-8"?>
<!-- Generated by org.testng.reporters.JUnitReportReporter -->
<testsuite name="testLibrary.ExistingCustomerSignInTest" tests="1" time="6.747" ignored="0" failures="0" timestamp="10 Mar 2020 16:46:31 GMT" skipped="0" hostname="user-PC" errors="0">
  <testcase name="ExistingSignIn" time="6.747" classname="testLibrary.ExistingCustomerSignInTest"/>
</testsuite> <!-- testLibrary.ExistingCustomerSignInTest -->
