<?xml version="1.0" encoding="UTF-8"?>
<!-- Generated by org.testng.reporters.JUnitReportReporter -->
<testsuite name="base.Createaccount" tests="1" time="30.655" ignored="0" failures="0" timestamp="11 Jan 2020 16:04:40 GMT" skipped="0" hostname="user-PC" errors="0">
  <testcase name="newtry" time="30.655" classname="base.Createaccount"/>
</testsuite> <!-- base.Createaccount -->
