<?xml version="1.0" encoding="UTF-8"?>
<!-- Generated by org.testng.reporters.JUnitReportReporter -->
<testsuite name="testLibrary.CreatenewaccountTest" tests="2" time="5.311" ignored="0" failures="0" timestamp="22 Mar 2020 16:17:25 GMT" skipped="0" hostname="user-PC" errors="0">
  <testcase name="Createnewaccountdetails" time="2.237" classname="testLibrary.CreatenewaccountTest"/>
  <testcase name="clickregisterbutton" time="3.074" classname="testLibrary.CreatenewaccountTest"/>
</testsuite> <!-- testLibrary.CreatenewaccountTest -->
