<?xml version="1.0" encoding="UTF-8"?>
<!-- Generated by org.testng.reporters.JUnitReportReporter -->
<testsuite name="testLibrary.AddWishListTest" tests="3" time="23.790" ignored="0" failures="0" timestamp="26 Jan 2020 08:49:55 GMT" skipped="0" hostname="user-PC" errors="0">
  <testcase name="enterWishList" time="15.304" classname="testLibrary.AddWishListTest"/>
  <testcase name="deletealreadypresentwish" time="8.106" classname="testLibrary.AddWishListTest"/>
  <testcase name="verifyWishList" time="0.380" classname="testLibrary.AddWishListTest"/>
</testsuite> <!-- testLibrary.AddWishListTest -->
