<?xml version="1.0" encoding="UTF-8"?>
<!-- Generated by org.testng.reporters.JUnitReportReporter -->
<testsuite name="testLibrary.CreateLoginTest" tests="4" time="15.464" ignored="0" failures="0" timestamp="22 Mar 2020 16:17:25 GMT" skipped="0" hostname="user-PC" errors="0">
  <testcase name="createnewaccount" time="6.300" classname="testLibrary.CreateLoginTest"/>
  <testcase name="verifylogincreatepage" time="0.101" classname="testLibrary.CreateLoginTest"/>
  <testcase name="createnewaccount" time="4.755" classname="testLibrary.CreateLoginTest"/>
  <testcase name="createnewaccount" time="4.308" classname="testLibrary.CreateLoginTest"/>
</testsuite> <!-- testLibrary.CreateLoginTest -->
