<?xml version="1.0" encoding="UTF-8"?>
<!-- Generated by org.testng.reporters.JUnitReportReporter -->
<testsuite name="testLibrary.ExistingCustomerSignInTest" tests="1" time="4.057" ignored="0" failures="0" timestamp="15 Mar 2020 17:34:54 GMT" skipped="0" hostname="user-PC" errors="0">
  <testcase name="ExistingSignIn" time="4.057" classname="testLibrary.ExistingCustomerSignInTest"/>
</testsuite> <!-- testLibrary.ExistingCustomerSignInTest -->
