<?xml version="1.0" encoding="UTF-8"?>
<!-- Generated by org.testng.reporters.JUnitReportReporter -->
<testsuite name="testLibrary.ExistingCustomerSignInTest" tests="1" time="15.017" ignored="0" failures="0" timestamp="21 Mar 2020 12:14:06 GMT" skipped="0" hostname="user-PC" errors="0">
  <testcase name="ExistingSignIn" time="15.017" classname="testLibrary.ExistingCustomerSignInTest"/>
</testsuite> <!-- testLibrary.ExistingCustomerSignInTest -->
